{"C:\\Users\\josec\\Documents\\Projetos_Carlos\\loyaltyCard\\apiLoyaltyCard\\src\\config\\database.ts": {"path":"C:\\Users\\josec\\Documents\\Projetos_Carlos\\loyaltyCard\\apiLoyaltyCard\\src\\config\\database.ts","statementMap":{"0":{"start":{"line":3,"column":22},"end":{"line":3,"column":40}}},"fnMap":{},"branchMap":{},"s":{"0":2},"f":{},"b":{}}
,"C:\\Users\\josec\\Documents\\Projetos_Carlos\\loyaltyCard\\apiLoyaltyCard\\src\\repositories\\businessRepository.ts": {"path":"C:\\Users\\josec\\Documents\\Projetos_Carlos\\loyaltyCard\\apiLoyaltyCard\\src\\repositories\\businessRepository.ts","statementMap":{"0":{"start":{"line":5,"column":4},"end":{"line":7,"column":7}},"1":{"start":{"line":11,"column":4},"end":{"line":15,"column":7}},"2":{"start":{"line":19,"column":4},"end":{"line":23,"column":7}}},"fnMap":{"0":{"name":"insert","decl":{"start":{"line":4,"column":15},"end":{"line":4,"column":21}},"loc":{"start":{"line":4,"column":50},"end":{"line":8,"column":null}}},"1":{"name":"findById","decl":{"start":{"line":10,"column":15},"end":{"line":10,"column":23}},"loc":{"start":{"line":10,"column":34},"end":{"line":16,"column":null}}},"2":{"name":"findAll","decl":{"start":{"line":18,"column":15},"end":{"line":18,"column":22}},"loc":{"start":{"line":18,"column":33},"end":{"line":24,"column":null}}}},"branchMap":{},"s":{"0":0,"1":0,"2":0},"f":{"0":0,"1":0,"2":0},"b":{}}
,"C:\\Users\\josec\\Documents\\Projetos_Carlos\\loyaltyCard\\apiLoyaltyCard\\src\\repositories\\promotionsRepository.ts": {"path":"C:\\Users\\josec\\Documents\\Projetos_Carlos\\loyaltyCard\\apiLoyaltyCard\\src\\repositories\\promotionsRepository.ts","statementMap":{"0":{"start":{"line":5,"column":4},"end":{"line":7,"column":7}},"1":{"start":{"line":12,"column":4},"end":{"line":16,"column":7}},"2":{"start":{"line":21,"column":4},"end":{"line":26,"column":7}},"3":{"start":{"line":31,"column":4},"end":{"line":37,"column":7}}},"fnMap":{"0":{"name":"insert","decl":{"start":{"line":4,"column":15},"end":{"line":4,"column":21}},"loc":{"start":{"line":4,"column":52},"end":{"line":8,"column":null}}},"1":{"name":"findById","decl":{"start":{"line":10,"column":15},"end":{"line":10,"column":23}},"loc":{"start":{"line":10,"column":34},"end":{"line":18,"column":null}}},"2":{"name":"update","decl":{"start":{"line":20,"column":15},"end":{"line":20,"column":21}},"loc":{"start":{"line":20,"column":52},"end":{"line":27,"column":null}}},"3":{"name":"findAll","decl":{"start":{"line":29,"column":15},"end":{"line":29,"column":22}},"loc":{"start":{"line":29,"column":33},"end":{"line":38,"column":null}}}},"branchMap":{},"s":{"0":0,"1":0,"2":0,"3":0},"f":{"0":0,"1":0,"2":0,"3":0},"b":{}}
,"C:\\Users\\josec\\Documents\\Projetos_Carlos\\loyaltyCard\\apiLoyaltyCard\\src\\repositories\\userRepository.ts": {"path":"C:\\Users\\josec\\Documents\\Projetos_Carlos\\loyaltyCard\\apiLoyaltyCard\\src\\repositories\\userRepository.ts","statementMap":{"0":{"start":{"line":5,"column":4},"end":{"line":7,"column":7}},"1":{"start":{"line":12,"column":4},"end":{"line":16,"column":7}},"2":{"start":{"line":22,"column":4},"end":{"line":26,"column":7}},"3":{"start":{"line":32,"column":4},"end":{"line":36,"column":7}}},"fnMap":{"0":{"name":"insert","decl":{"start":{"line":4,"column":15},"end":{"line":4,"column":21}},"loc":{"start":{"line":4,"column":42},"end":{"line":8,"column":null}}},"1":{"name":"findById","decl":{"start":{"line":10,"column":15},"end":{"line":10,"column":23}},"loc":{"start":{"line":10,"column":34},"end":{"line":18,"column":null}}},"2":{"name":"findByEmail","decl":{"start":{"line":20,"column":15},"end":{"line":20,"column":26}},"loc":{"start":{"line":20,"column":40},"end":{"line":28,"column":null}}},"3":{"name":"findByCode","decl":{"start":{"line":30,"column":15},"end":{"line":30,"column":25}},"loc":{"start":{"line":30,"column":38},"end":{"line":38,"column":null}}}},"branchMap":{},"s":{"0":0,"1":0,"2":0,"3":0},"f":{"0":0,"1":0,"2":0,"3":0},"b":{}}
,"C:\\Users\\josec\\Documents\\Projetos_Carlos\\loyaltyCard\\apiLoyaltyCard\\src\\services\\businessServices.ts": {"path":"C:\\Users\\josec\\Documents\\Projetos_Carlos\\loyaltyCard\\apiLoyaltyCard\\src\\services\\businessServices.ts","statementMap":{"0":{"start":{"line":10,"column":17},"end":{"line":10,"column":61}},"1":{"start":{"line":11,"column":4},"end":{"line":11,"column":41}},"2":{"start":{"line":11,"column":14},"end":{"line":11,"column":41}},"3":{"start":{"line":12,"column":4},"end":{"line":12,"column":46}},"4":{"start":{"line":16,"column":21},"end":{"line":16,"column":58}},"5":{"start":{"line":17,"column":4},"end":{"line":17,"column":45}},"6":{"start":{"line":17,"column":18},"end":{"line":17,"column":45}},"7":{"start":{"line":18,"column":4},"end":{"line":18,"column":20}},"8":{"start":{"line":22,"column":23},"end":{"line":22,"column":59}},"9":{"start":{"line":23,"column":4},"end":{"line":23,"column":47}},"10":{"start":{"line":23,"column":20},"end":{"line":23,"column":47}},"11":{"start":{"line":24,"column":4},"end":{"line":24,"column":22}}},"fnMap":{"0":{"name":"insert","decl":{"start":{"line":9,"column":15},"end":{"line":9,"column":21}},"loc":{"start":{"line":9,"column":50},"end":{"line":13,"column":null}}},"1":{"name":"findById","decl":{"start":{"line":15,"column":15},"end":{"line":15,"column":23}},"loc":{"start":{"line":15,"column":34},"end":{"line":19,"column":null}}},"2":{"name":"findAll","decl":{"start":{"line":21,"column":15},"end":{"line":21,"column":22}},"loc":{"start":{"line":21,"column":33},"end":{"line":25,"column":null}}}},"branchMap":{"0":{"loc":{"start":{"line":11,"column":4},"end":{"line":11,"column":41}},"type":"if","locations":[{"start":{"line":11,"column":4},"end":{"line":11,"column":41}}]},"1":{"loc":{"start":{"line":17,"column":4},"end":{"line":17,"column":45}},"type":"if","locations":[{"start":{"line":17,"column":4},"end":{"line":17,"column":45}}]},"2":{"loc":{"start":{"line":23,"column":4},"end":{"line":23,"column":47}},"type":"if","locations":[{"start":{"line":23,"column":4},"end":{"line":23,"column":47}}]}},"s":{"0":0,"1":0,"2":0,"3":0,"4":0,"5":0,"6":0,"7":0,"8":0,"9":0,"10":0,"11":0},"f":{"0":0,"1":0,"2":0},"b":{"0":[0],"1":[0],"2":[0]}}
,"C:\\Users\\josec\\Documents\\Projetos_Carlos\\loyaltyCard\\apiLoyaltyCard\\src\\services\\promotionsServices.ts": {"path":"C:\\Users\\josec\\Documents\\Projetos_Carlos\\loyaltyCard\\apiLoyaltyCard\\src\\services\\promotionsServices.ts","statementMap":{"0":{"start":{"line":10,"column":21},"end":{"line":10,"column":74}},"1":{"start":{"line":11,"column":4},"end":{"line":11,"column":45}},"2":{"start":{"line":11,"column":18},"end":{"line":11,"column":45}},"3":{"start":{"line":12,"column":4},"end":{"line":12,"column":56}},"4":{"start":{"line":16,"column":22},"end":{"line":16,"column":61}},"5":{"start":{"line":17,"column":4},"end":{"line":17,"column":46}},"6":{"start":{"line":17,"column":19},"end":{"line":17,"column":46}},"7":{"start":{"line":19,"column":4},"end":{"line":19,"column":21}},"8":{"start":{"line":24,"column":23},"end":{"line":24,"column":61}},"9":{"start":{"line":25,"column":4},"end":{"line":25,"column":47}},"10":{"start":{"line":25,"column":20},"end":{"line":25,"column":47}},"11":{"start":{"line":27,"column":4},"end":{"line":27,"column":22}}},"fnMap":{"0":{"name":"insert","decl":{"start":{"line":9,"column":15},"end":{"line":9,"column":21}},"loc":{"start":{"line":9,"column":52},"end":{"line":13,"column":null}}},"1":{"name":"findById","decl":{"start":{"line":14,"column":15},"end":{"line":14,"column":23}},"loc":{"start":{"line":14,"column":34},"end":{"line":20,"column":null}}},"2":{"name":"findAll","decl":{"start":{"line":22,"column":15},"end":{"line":22,"column":22}},"loc":{"start":{"line":22,"column":33},"end":{"line":28,"column":null}}}},"branchMap":{"0":{"loc":{"start":{"line":11,"column":4},"end":{"line":11,"column":45}},"type":"if","locations":[{"start":{"line":11,"column":4},"end":{"line":11,"column":45}}]},"1":{"loc":{"start":{"line":17,"column":4},"end":{"line":17,"column":46}},"type":"if","locations":[{"start":{"line":17,"column":4},"end":{"line":17,"column":46}}]},"2":{"loc":{"start":{"line":25,"column":4},"end":{"line":25,"column":47}},"type":"if","locations":[{"start":{"line":25,"column":4},"end":{"line":25,"column":47}}]}},"s":{"0":1,"1":1,"2":0,"3":1,"4":0,"5":0,"6":0,"7":0,"8":0,"9":0,"10":0,"11":0},"f":{"0":1,"1":0,"2":0},"b":{"0":[0],"1":[0],"2":[0]}}
,"C:\\Users\\josec\\Documents\\Projetos_Carlos\\loyaltyCard\\apiLoyaltyCard\\src\\services\\userServices.ts": {"path":"C:\\Users\\josec\\Documents\\Projetos_Carlos\\loyaltyCard\\apiLoyaltyCard\\src\\services\\userServices.ts","statementMap":{"0":{"start":{"line":14,"column":4},"end":{"line":14,"column":55}},"1":{"start":{"line":15,"column":17},"end":{"line":15,"column":45}},"2":{"start":{"line":16,"column":4},"end":{"line":16,"column":65}},"3":{"start":{"line":20,"column":17},"end":{"line":20,"column":50}},"4":{"start":{"line":21,"column":4},"end":{"line":21,"column":41}},"5":{"start":{"line":21,"column":14},"end":{"line":21,"column":41}},"6":{"start":{"line":22,"column":4},"end":{"line":22,"column":16}},"7":{"start":{"line":26,"column":17},"end":{"line":26,"column":54}},"8":{"start":{"line":27,"column":4},"end":{"line":27,"column":41}},"9":{"start":{"line":27,"column":14},"end":{"line":27,"column":41}},"10":{"start":{"line":28,"column":4},"end":{"line":28,"column":16}},"11":{"start":{"line":32,"column":17},"end":{"line":32,"column":56}},"12":{"start":{"line":33,"column":4},"end":{"line":33,"column":41}},"13":{"start":{"line":33,"column":14},"end":{"line":33,"column":41}},"14":{"start":{"line":34,"column":4},"end":{"line":34,"column":16}},"15":{"start":{"line":39,"column":17},"end":{"line":39,"column":56}},"16":{"start":{"line":40,"column":16},"end":{"line":40,"column":37}},"17":{"start":{"line":42,"column":4},"end":{"line":42,"column":41}},"18":{"start":{"line":42,"column":14},"end":{"line":42,"column":41}},"19":{"start":{"line":43,"column":18},"end":{"line":43,"column":40}},"20":{"start":{"line":45,"column":4},"end":{"line":45,"column":83}},"21":{"start":{"line":45,"column":53},"end":{"line":45,"column":83}},"22":{"start":{"line":48,"column":4},"end":{"line":48,"column":54}}},"fnMap":{"0":{"name":"insert","decl":{"start":{"line":13,"column":15},"end":{"line":13,"column":21}},"loc":{"start":{"line":13,"column":36},"end":{"line":17,"column":null}}},"1":{"name":"findById","decl":{"start":{"line":19,"column":15},"end":{"line":19,"column":23}},"loc":{"start":{"line":19,"column":34},"end":{"line":23,"column":null}}},"2":{"name":"findByCode","decl":{"start":{"line":25,"column":15},"end":{"line":25,"column":25}},"loc":{"start":{"line":25,"column":38},"end":{"line":29,"column":null}}},"3":{"name":"findByEmail","decl":{"start":{"line":31,"column":15},"end":{"line":31,"column":26}},"loc":{"start":{"line":31,"column":40},"end":{"line":35,"column":null}}},"4":{"name":"findByEmailAndPassword","decl":{"start":{"line":37,"column":15},"end":{"line":37,"column":37}},"loc":{"start":{"line":37,"column":69},"end":{"line":49,"column":null}}}},"branchMap":{"0":{"loc":{"start":{"line":21,"column":4},"end":{"line":21,"column":41}},"type":"if","locations":[{"start":{"line":21,"column":4},"end":{"line":21,"column":41}}]},"1":{"loc":{"start":{"line":27,"column":4},"end":{"line":27,"column":41}},"type":"if","locations":[{"start":{"line":27,"column":4},"end":{"line":27,"column":41}}]},"2":{"loc":{"start":{"line":33,"column":4},"end":{"line":33,"column":41}},"type":"if","locations":[{"start":{"line":33,"column":4},"end":{"line":33,"column":41}}]},"3":{"loc":{"start":{"line":42,"column":4},"end":{"line":42,"column":41}},"type":"if","locations":[{"start":{"line":42,"column":4},"end":{"line":42,"column":41}}]},"4":{"loc":{"start":{"line":45,"column":4},"end":{"line":45,"column":83}},"type":"if","locations":[{"start":{"line":45,"column":4},"end":{"line":45,"column":83}}]}},"s":{"0":1,"1":1,"2":1,"3":0,"4":0,"5":0,"6":0,"7":0,"8":0,"9":0,"10":0,"11":0,"12":0,"13":0,"14":0,"15":1,"16":1,"17":1,"18":0,"19":1,"20":1,"21":0,"22":1},"f":{"0":1,"1":0,"2":0,"3":0,"4":1},"b":{"0":[0],"1":[0],"2":[0],"3":[0],"4":[0]}}
}
