TN:
SF:src\config\database.ts
FNF:0
FNH:0
DA:3,2
LF:1
LH:1
BRF:0
BRH:0
end_of_record
TN:
SF:src\repositories\businessRepository.ts
FN:4,insert
FN:10,findById
FN:18,findAll
FNF:3
FNH:0
FNDA:0,insert
FNDA:0,findById
FNDA:0,findAll
DA:5,0
DA:11,0
DA:19,0
LF:3
LH:0
BRF:0
BRH:0
end_of_record
TN:
SF:src\repositories\promotionsRepository.ts
FN:4,insert
FN:10,findById
FN:20,update
FN:29,findAll
FNF:4
FNH:0
FNDA:0,insert
FNDA:0,findById
FNDA:0,update
FNDA:0,findAll
DA:5,0
DA:12,0
DA:21,0
DA:31,0
LF:4
LH:0
BRF:0
BRH:0
end_of_record
TN:
SF:src\repositories\userRepository.ts
FN:4,insert
FN:10,findById
FN:20,findByEmail
FN:30,findByCode
FNF:4
FNH:0
FNDA:0,insert
FNDA:0,findById
FNDA:0,findByEmail
FNDA:0,findByCode
DA:5,0
DA:12,0
DA:22,0
DA:32,0
LF:4
LH:0
BRF:0
BRH:0
end_of_record
TN:
SF:src\services\businessServices.ts
FN:9,insert
FN:15,findById
FN:21,findAll
FNF:3
FNH:0
FNDA:0,insert
FNDA:0,findById
FNDA:0,findAll
DA:10,0
DA:11,0
DA:12,0
DA:16,0
DA:17,0
DA:18,0
DA:22,0
DA:23,0
DA:24,0
LF:9
LH:0
BRDA:11,0,0,0
BRDA:17,1,0,0
BRDA:23,2,0,0
BRF:3
BRH:0
end_of_record
TN:
SF:src\services\promotionsServices.ts
FN:9,insert
FN:14,findById
FN:22,findAll
FNF:3
FNH:1
FNDA:1,insert
FNDA:0,findById
FNDA:0,findAll
DA:10,1
DA:11,1
DA:12,1
DA:16,0
DA:17,0
DA:19,0
DA:24,0
DA:25,0
DA:27,0
LF:9
LH:3
BRDA:11,0,0,0
BRDA:17,1,0,0
BRDA:25,2,0,0
BRF:3
BRH:0
end_of_record
TN:
SF:src\services\userServices.ts
FN:13,insert
FN:19,findById
FN:25,findByCode
FN:31,findByEmail
FN:37,findByEmailAndPassword
FNF:5
FNH:2
FNDA:1,insert
FNDA:0,findById
FNDA:0,findByCode
FNDA:0,findByEmail
FNDA:1,findByEmailAndPassword
DA:14,1
DA:15,1
DA:16,1
DA:20,0
DA:21,0
DA:22,0
DA:26,0
DA:27,0
DA:28,0
DA:32,0
DA:33,0
DA:34,0
DA:39,1
DA:40,1
DA:42,1
DA:43,1
DA:45,1
DA:48,1
LF:18
LH:9
BRDA:21,0,0,0
BRDA:27,1,0,0
BRDA:33,2,0,0
BRDA:42,3,0,0
BRDA:45,4,0,0
BRF:5
BRH:0
end_of_record
